0 info it worked if it ends with ok
1 verbose cli [ '/usr/bin/node', '/usr/bin/npm', 'update' ]
2 info using npm@1.4.28
3 info using node@v0.10.33
4 verbose node symlink /usr/bin/node
5 info outdated updating undefined
6 error Failed to parse json
6 error Unexpected end of input
7 error File: /opt/lampp/htdocs/belote_js/node/node_modules/body-parser/package.json
8 error Failed to parse package.json data.
8 error package.json must be actual JSON, not just JavaScript.
8 error
8 error This is not a bug in npm.
8 error Tell the package author to fix their package.json file. JSON.parse
9 error System Linux 3.10.18
10 error command "/usr/bin/node" "/usr/bin/npm" "update"
11 error cwd /opt/lampp/htdocs/belote_js/node
12 error node -v v0.10.33
13 error npm -v 1.4.28
14 error file /opt/lampp/htdocs/belote_js/node/node_modules/body-parser/package.json
15 error code EJSONPARSE
16 verbose exit [ 1, true ]
